[    0.000000] Initializing cgroup subsys cpuset
[    0.000000] Initializing cgroup subsys cpu
[    0.000000] Initializing cgroup subsys cpuacct
[    0.000000] Linux version 4.4.0-210-generic (buildd@lgw01-amd64-009) (gcc version 5.4.0 20160609 (Ubuntu 5.4.0-6ubuntu1~16.04.12) ) #242-Ubuntu SMP Fri Apr 16 09:57:56 UTC 2021 (Ubuntu 4.4.0-210.242-generic 4.4.262)
[    0.000000] Command line: BOOT_IMAGE=/boot/vmlinuz-4.4.0-210-generic root=LABEL=cloudimg-rootfs ro console=tty1 console=ttyS0
[    0.000000] KERNEL supported cpus:
[    0.000000]   Intel GenuineIntel
[    0.000000]   AMD AuthenticAMD
[    0.000000]   Centaur CentaurHauls
[    0.000000] x86/fpu: Legacy x87 FPU detected.
[    0.000000] e820: BIOS-provided physical RAM map:
[    0.000000] BIOS-e820: [mem 0x0000000000000000-0x000000000009fbff] usable
[    0.000000] BIOS-e820: [mem 0x000000000009fc00-0x000000000009ffff] reserved
[    0.000000] BIOS-e820: [mem 0x00000000000f0000-0x00000000000fffff] reserved
[    0.000000] BIOS-e820: [mem 0x0000000000100000-0x000000007ffeffff] usable
[    0.000000] BIOS-e820: [mem 0x000000007fff0000-0x000000007fffffff] ACPI data
[    0.000000] BIOS-e820: [mem 0x00000000fec00000-0x00000000fec00fff] reserved
[    0.000000] BIOS-e820: [mem 0x00000000fee00000-0x00000000fee00fff] reserved
[    0.000000] BIOS-e820: [mem 0x00000000fffc0000-0x00000000ffffffff] reserved
[    0.000000] NX (Execute Disable) protection: active
[    0.000000] SMBIOS 2.5 present.
[    0.000000] Hypervisor detected: KVM
[    0.000000] Kernel/User page tables isolation: disabled
[    0.000000] e820: last_pfn = 0x7fff0 max_arch_pfn = 0x400000000
[    0.000000] MTRR: Disabled
[    0.000000] x86/PAT: MTRRs disabled, skipping PAT initialization too.
[    0.000000] CPU MTRRs all blank - virtualized system.
[    0.000000] x86/PAT: Configuration [0-7]: WB  WT  UC- UC  WB  WT  UC- UC  
[    0.000000] found SMP MP-table at [mem 0x0009fff0-0x0009ffff] mapped at [ffff88000009fff0]
[    0.000000] Scanning 1 areas for low memory corruption
[    0.000000] RAMDISK: [mem 0x362dc000-0x37165fff]
[    0.000000] ACPI: Early table checksum verification disabled
[    0.000000] ACPI: RSDP 0x00000000000E0000 000024 (v02 VBOX  )
[    0.000000] ACPI: XSDT 0x000000007FFF0030 00003C (v01 VBOX   VBOXXSDT 00000001 ASL  00000061)
[    0.000000] ACPI: FACP 0x000000007FFF00F0 0000F4 (v04 VBOX   VBOXFACP 00000001 ASL  00000061)
[    0.000000] ACPI: DSDT 0x000000007FFF0620 002353 (v02 VBOX   VBOXBIOS 00000002 INTL 20100528)
[    0.000000] ACPI: FACS 0x000000007FFF0200 000040
[    0.000000] ACPI: FACS 0x000000007FFF0200 000040
[    0.000000] ACPI: APIC 0x000000007FFF0240 00006C (v02 VBOX   VBOXAPIC 00000001 ASL  00000061)
[    0.000000] ACPI: SSDT 0x000000007FFF02B0 00036C (v01 VBOX   VBOXCPUT 00000002 INTL 20100528)
[    0.000000] No NUMA configuration found
[    0.000000] Faking a node at [mem 0x0000000000000000-0x000000007ffeffff]
[    0.000000] NODE_DATA(0) allocated [mem 0x7ffeb000-0x7ffeffff]
[    0.000000] kvm-clock: Using msrs 4b564d01 and 4b564d00
[    0.000000] kvm-clock: cpu 0, msr 0:7ffe3001, primary cpu clock
[    0.000000] kvm-clock: using sched offset of 4628006923 cycles
[    0.000000] clocksource: kvm-clock: mask: 0xffffffffffffffff max_cycles: 0x1cd42e4dffb, max_idle_ns: 881590591483 ns
[    0.000000] Zone ranges:
[    0.000000]   DMA      [mem 0x0000000000001000-0x0000000000ffffff]
[    0.000000]   DMA32    [mem 0x0000000001000000-0x000000007ffeffff]
[    0.000000]   Normal   empty
[    0.000000]   Device   empty
[    0.000000] Movable zone start for each node
[    0.000000] Early memory node ranges
[    0.000000]   node   0: [mem 0x0000000000001000-0x000000000009efff]
[    0.000000]   node   0: [mem 0x0000000000100000-0x000000007ffeffff]
[    0.000000] Initmem setup node 0 [mem 0x0000000000001000-0x000000007ffeffff]
[    0.000000] ACPI: PM-Timer IO Port: 0x4008
[    0.000000] IOAPIC[0]: apic_id 4, version 32, address 0xfec00000, GSI 0-23
[    0.000000] ACPI: INT_SRC_OVR (bus 0 bus_irq 0 global_irq 2 dfl dfl)
[    0.000000] ACPI: INT_SRC_OVR (bus 0 bus_irq 9 global_irq 9 low level)
[    0.000000] Using ACPI (MADT) for SMP configuration information
[    0.000000] smpboot: Allowing 4 CPUs, 0 hotplug CPUs
[    0.000000] PM: Registered nosave memory: [mem 0x00000000-0x00000fff]
[    0.000000] PM: Registered nosave memory: [mem 0x0009f000-0x0009ffff]
[    0.000000] PM: Registered nosave memory: [mem 0x000a0000-0x000effff]
[    0.000000] PM: Registered nosave memory: [mem 0x000f0000-0x000fffff]
[    0.000000] e820: [mem 0x80000000-0xfebfffff] available for PCI devices
[    0.000000] Booting paravirtualized kernel on KVM
[    0.000000] clocksource: refined-jiffies: mask: 0xffffffff max_cycles: 0xffffffff, max_idle_ns: 7645519600211568 ns
[    0.000000] setup_percpu: NR_CPUS:512 nr_cpumask_bits:512 nr_cpu_ids:4 nr_node_ids:1
[    0.000000] PERCPU: Embedded 33 pages/cpu @ffff88007fc00000 s95192 r8192 d31784 u524288
[    0.000000] Built 1 zonelists in Node order, mobility grouping on.  Total pages: 515960
[    0.000000] Policy zone: DMA32
[    0.000000] Kernel command line: BOOT_IMAGE=/boot/vmlinuz-4.4.0-210-generic root=LABEL=cloudimg-rootfs ro console=tty1 console=ttyS0
[    0.000000] PID hash table entries: 4096 (order: 3, 32768 bytes)
[    0.000000] Memory: 2029720K/2096696K available (8644K kernel code, 1332K rwdata, 4044K rodata, 1492K init, 1164K bss, 66976K reserved, 0K cma-reserved)
[    0.000000] SLUB: HWalign=64, Order=0-3, MinObjects=0, CPUs=4, Nodes=1
[    0.000000] Hierarchical RCU implementation.
[    0.000000] 	Build-time adjustment of leaf fanout to 64.
[    0.000000] 	RCU restricting CPUs from NR_CPUS=512 to nr_cpu_ids=4.
[    0.000000] RCU: Adjusting geometry for rcu_fanout_leaf=64, nr_cpu_ids=4
[    0.000000] NR_IRQS:33024 nr_irqs:456 16
[    0.000000] Console: colour VGA+ 80x25
[    0.000000] console [tty1] enabled
[    0.000000] console [ttyS0] enabled
[    0.000000] tsc: Detected 2688.010 MHz processor
[    0.941178] Calibrating delay loop (skipped) preset value.. 5376.02 BogoMIPS (lpj=10752040)
[    0.960300] pid_max: default: 32768 minimum: 301
[    0.969510] ACPI: Core revision 20150930
[    0.980753] ACPI: 2 ACPI AML tables successfully acquired and loaded
[    0.996413] Security Framework initialized
[    1.012845] Yama: becoming mindful.
[    1.027760] AppArmor: AppArmor initialized
[    1.040387] Dentry cache hash table entries: 262144 (order: 9, 2097152 bytes)
[    1.080125] Inode-cache hash table entries: 131072 (order: 8, 1048576 bytes)
[    1.108502] Mount-cache hash table entries: 4096 (order: 3, 32768 bytes)
[    1.123873] Mountpoint-cache hash table entries: 4096 (order: 3, 32768 bytes)
[    1.141222] Initializing cgroup subsys io
[    1.154333] Initializing cgroup subsys memory
[    1.170454] Initializing cgroup subsys devices
[    1.188054] Initializing cgroup subsys freezer
[    1.200683] Initializing cgroup subsys net_cls
[    1.214117] Initializing cgroup subsys perf_event
[    1.228733] Initializing cgroup subsys net_prio
[    1.238950] Initializing cgroup subsys hugetlb
[    1.254506] Initializing cgroup subsys pids
[    1.268760] mce: CPU supports 0 MCE banks
[    1.275214] Last level iTLB entries: 4KB 0, 2MB 0, 4MB 0
[    1.287366] Last level dTLB entries: 4KB 0, 2MB 0, 4MB 0, 1GB 0
[    1.306620] Spectre V1 : Mitigation: usercopy/swapgs barriers and __user pointer sanitization
[    1.324649] Spectre V2 : Mitigation: Enhanced IBRS
[    1.339023] Spectre V2 : Spectre v2 / SpectreRSB mitigation: Filling RSB on context switch
[    1.354937] Speculative Store Bypass: Vulnerable
[    1.455002] Freeing SMP alternatives memory: 36K
[    1.636166] ftrace: allocating 32380 entries in 127 pages
[    3.430207] smpboot: APIC(0) Converting physical 0 to logical package 0
[    3.461808] smpboot: Max logical packages: 1
[    3.527171] ..TIMER: vector=0x30 apic1=0 pin1=2 apic2=-1 pin2=-1
[    3.659185] smpboot: CPU0: 12th Gen Intel(R) Core(TM) i7-12700H (family: 0x6, model: 0x9a, stepping: 0x3)
[    3.697789] Performance Events: unsupported p6 CPU model 154 no PMU driver, software events only.
[    4.154941] KVM setup paravirtual spinlock
[    4.180401] x86: Booting SMP configuration:
[    4.197180] .... node  #0, CPUs:      #1
[    4.219536] kvm-clock: cpu 1, msr 0:7ffe3041, secondary cpu clock
[    4.246819] mce: CPU supports 0 MCE banks
[    4.258408] TSC synchronization [CPU#0 -> CPU#1]:
[    4.275941] Measured 69207 cycles TSC warp between CPUs, turning off TSC clock.
[    4.298351] tsc: Marking TSC unstable due to check_tsc_sync_source failed
[    4.332580]  #2
[    4.342303] kvm-clock: cpu 2, msr 0:7ffe3081, secondary cpu clock
[    4.364924] mce: CPU supports 0 MCE banks
[    1.160000]  #3
[    0.012000] kvm-clock: cpu 3, msr 0:7ffe30c1, secondary cpu clock
[    0.012000] mce: CPU supports 0 MCE banks
[    1.204899] x86: Booted up 1 node, 4 CPUs
[    1.208009] smpboot: Total of 4 processors activated (21504.08 BogoMIPS)
[    1.228019] devtmpfs: initialized
[    1.240849] evm: security.selinux
[    1.244006] evm: security.SMACK64
[    1.248005] evm: security.SMACK64EXEC
[    1.252005] evm: security.SMACK64TRANSMUTE
[    1.256004] evm: security.SMACK64MMAP
[    1.260005] evm: security.ima
[    1.268008] evm: security.capability
[    1.273758] clocksource: jiffies: mask: 0xffffffff max_cycles: 0xffffffff, max_idle_ns: 7645041785100000 ns
[    1.276029] futex hash table entries: 1024 (order: 4, 65536 bytes)
[    1.281694] pinctrl core: initialized pinctrl subsystem
[    1.285131] RTC time: 16:07:04, date: 08/09/23
[    1.291273] NET: Registered protocol family 16
[    1.304026] cpuidle: using governor ladder
[    1.320037] cpuidle: using governor menu
[    1.324016] PCCT header not found.
[    1.328138] ACPI: bus type PCI registered
[    1.332010] acpiphp: ACPI Hot Plug PCI Controller Driver version: 0.5
[    1.341231] PCI: Using configuration type 1 for base access
[    1.453302] ACPI: Added _OSI(Module Device)
[    1.456009] ACPI: Added _OSI(Processor Device)
[    1.460009] ACPI: Added _OSI(3.0 _SCP Extensions)
[    1.464009] ACPI: Added _OSI(Processor Aggregator Device)
[    1.476078] ACPI: Executed 1 blocks of module-level executable AML code
[    1.502328] ACPI: Interpreter enabled
[    1.504034] ACPI: (supports S0 S5)
[    1.508008] ACPI: Using IOAPIC for interrupt routing
[    1.513044] PCI: Using host bridge windows from ACPI; if necessary, use "pci=nocrs" and report a bug
[    1.549588] ACPI: PCI Root Bridge [PCI0] (domain 0000 [bus 00-ff])
[    1.552019] acpi PNP0A03:00: _OSC: OS supports [ASPM ClockPM Segments MSI]
[    1.561446] acpi PNP0A03:00: _OSC: not requesting OS control; OS requires [ExtendedConfig ASPM ClockPM MSI]
[    1.564048] acpi PNP0A03:00: fail to add MMCONFIG information, can't access extended PCI configuration space under this bridge.
[    1.573008] PCI host bridge to bus 0000:00
[    1.576013] pci_bus 0000:00: root bus resource [io  0x0000-0x0cf7 window]
[    1.580011] pci_bus 0000:00: root bus resource [io  0x0d00-0xffff window]
[    1.584010] pci_bus 0000:00: root bus resource [mem 0x000a0000-0x000bffff window]
[    1.588009] pci_bus 0000:00: root bus resource [mem 0x80000000-0xfdffffff window]
[    1.592010] pci_bus 0000:00: root bus resource [bus 00-ff]
[    1.626790] pci 0000:00:01.1: legacy IDE quirk: reg 0x10: [io  0x01f0-0x01f7]
[    1.632014] pci 0000:00:01.1: legacy IDE quirk: reg 0x14: [io  0x03f6]
[    1.636014] pci 0000:00:01.1: legacy IDE quirk: reg 0x18: [io  0x0170-0x0177]
[    1.640009] pci 0000:00:01.1: legacy IDE quirk: reg 0x1c: [io  0x0376]
[    1.726310] pci 0000:00:07.0: quirk: [io  0x4000-0x403f] claimed by PIIX4 ACPI
[    1.728060] pci 0000:00:07.0: quirk: [io  0x4100-0x410f] claimed by PIIX4 SMB
[    1.761060] ACPI: PCI Interrupt Link [LNKA] (IRQs 5 9 10 *11)
[    1.780838] ACPI: PCI Interrupt Link [LNKB] (IRQs 5 9 *10 11)
[    1.796617] ACPI: PCI Interrupt Link [LNKC] (IRQs 5 *9 10 11)
[    1.812628] ACPI: PCI Interrupt Link [LNKD] (IRQs 5 9 10 *11)
[    1.832919] ACPI: Enabled 2 GPEs in block 00 to 07
[    1.836506] vgaarb: setting as boot device: PCI:0000:00:02.0
[    1.840000] vgaarb: device added: PCI:0000:00:02.0,decodes=io+mem,owns=io+mem,locks=none
[    1.840007] vgaarb: loaded
[    1.844005] vgaarb: bridge control possible 0000:00:02.0
[    1.849233] SCSI subsystem initialized
[    1.856581] ACPI: bus type USB registered
[    1.860050] usbcore: registered new interface driver usbfs
[    1.864040] usbcore: registered new interface driver hub
[    1.868047] usbcore: registered new device driver usb
[    1.877251] PCI: Using ACPI for IRQ routing
[    1.884416] NetLabel: Initializing
[    1.888011] NetLabel:  domain hash size = 128
[    1.892014] NetLabel:  protocols = UNLABELED CIPSOv4
[    1.896042] NetLabel:  unlabeled traffic allowed by default
[    1.904096] amd_nb: Cannot enumerate AMD northbridges
[    1.909553] clocksource: Switched to clocksource kvm-clock
[    1.946670] AppArmor: AppArmor Filesystem Enabled
[    1.946670] pnp: PnP ACPI init
[    1.946670] pnp: PnP ACPI: found 3 devices
[    2.206099] clocksource: acpi_pm: mask: 0xffffff max_cycles: 0xffffff, max_idle_ns: 2085701024 ns
[    2.208867] NET: Registered protocol family 2
[    2.253830] TCP established hash table entries: 16384 (order: 5, 131072 bytes)
[    2.283072] TCP bind hash table entries: 16384 (order: 6, 262144 bytes)
[    2.284770] TCP: Hash tables configured (established 16384 bind 16384)
[    2.284770] UDP hash table entries: 1024 (order: 3, 32768 bytes)
[    2.284770] UDP-Lite hash table entries: 1024 (order: 3, 32768 bytes)
[    2.284770] NET: Registered protocol family 1
[    2.284770] pci 0000:00:00.0: Limiting direct PCI/PCI transfers
[    2.284770] pci 0000:00:01.0: Activating ISA DMA hang workarounds
[    2.284770] Unpacking initramfs...
[    3.472566] Freeing initrd memory: 14888K
[    3.472566] clocksource: tsc: mask: 0xffffffffffffffff max_cycles: 0x26beffa22e4, max_idle_ns: 440795217853 ns
[    3.472566] platform rtc_cmos: registered platform RTC device (no PNP device found)
[    3.472566] Scanning for low memory corruption every 60 seconds
[    3.625584] audit: initializing netlink subsys (disabled)
[    3.645769] audit: type=2000 audit(1691597229.703:1): initialized
[    3.668947] Initialise system trusted keyring
[    3.692326] HugeTLB registered 2 MB page size, pre-allocated 0 pages
[    3.724002] zbud: loaded
[    3.738151] VFS: Disk quotas dquot_6.6.0
[    3.749652] VFS: Dquot-cache hash table entries: 512 (order 0, 4096 bytes)
[    3.753424] squashfs: version 4.0 (2009/01/31) Phillip Lougher
[    3.789892] fuse init (API version 7.23)
[    3.806580] Key type big_key registered
[    3.809756] Allocating IMA MOK and blacklist keyrings.
[    3.877741] Key type asymmetric registered
[    3.881727] Asymmetric key parser 'x509' registered
[    3.881727] Block layer SCSI generic (bsg) driver version 0.4 loaded (major 249)
[    3.924654] io scheduler noop registered
[    3.928391] io scheduler deadline registered (default)
[    3.928391] io scheduler cfq registered
[    3.928391] pci_hotplug: PCI Hot Plug PCI Core version: 0.5
[    3.928391] pciehp: PCI Express Hot Plug Controller Driver version: 0.4
[    3.928391] ACPI: AC Adapter [AC] (on-line)
[    3.928391] input: Power Button as /devices/LNXSYSTM:00/LNXPWRBN:00/input/input0
[    3.928391] ACPI: Power Button [PWRF]
[    3.928391] input: Sleep Button as /devices/LNXSYSTM:00/LNXSLPBN:00/input/input1
[    3.928391] ACPI: Sleep Button [SLPF]
[    4.070026] GHES: HEST is not enabled!
[    4.074270] ACPI: Battery Slot [BAT0] (battery present)
[    4.102945] Serial: 8250/16550 driver, 32 ports, IRQ sharing enabled
[    4.165947] 00:02: ttyS0 at I/O 0x3f8 (irq = 4, base_baud = 115200) is a 16550A
[    4.262301] Linux agpgart interface v0.103
[    4.342887] loop: module loaded
[    4.367279] scsi host0: ata_piix
[    4.385306] scsi host1: ata_piix
[    4.397575] ata1: PATA max UDMA/33 cmd 0x1f0 ctl 0x3f6 bmdma 0xd000 irq 14
[    4.401308] ata2: PATA max UDMA/33 cmd 0x170 ctl 0x376 bmdma 0xd008 irq 15
[    4.447923] libphy: Fixed MDIO Bus: probed
[    4.464802] tun: Universal TUN/TAP device driver, 1.6
[    4.484331] tun: (C) 1999-2004 Max Krasnyansky <maxk@qualcomm.com>
[    4.507733] PPP generic driver version 2.4.2
[    4.525918] ehci_hcd: USB 2.0 'Enhanced' Host Controller (EHCI) Driver
[    4.551226] ehci-pci: EHCI PCI platform driver
[    4.567997] ehci-platform: EHCI generic platform driver
[    4.571731] ohci_hcd: USB 1.1 'Open' Host Controller (OHCI) Driver
[    4.571731] ohci-pci: OHCI PCI platform driver
[    4.624443] ohci-platform: OHCI generic platform driver
[    4.628296] uhci_hcd: USB Universal Host Controller Interface driver
[    4.666586] i8042: PNP: PS/2 Controller [PNP0303:PS2K,PNP0f03:PS2M] at 0x60,0x64 irq 1,12
[    4.706011] serio: i8042 KBD port at 0x60,0x64 irq 1
[    4.706011] serio: i8042 AUX port at 0x60,0x64 irq 12
[    4.748697] mousedev: PS/2 mouse device common for all mice
[    4.780407] rtc_cmos rtc_cmos: rtc core: registered rtc_cmos as rtc0
[    4.842200] rtc_cmos rtc_cmos: alarms up to one day, 114 bytes nvram
[    4.866046] i2c /dev entries driver
[    4.880568] device-mapper: uevent: version 1.0.3
[    4.900678] input: AT Translated Set 2 keyboard as /devices/platform/i8042/serio0/input/input2
[    4.902452] device-mapper: ioctl: 4.34.0-ioctl (2015-10-28) initialised: dm-devel@redhat.com
[    4.902575] ledtrig-cpu: registered to indicate activity on CPUs
[    4.914153] NET: Registered protocol family 10
[    4.927140] NET: Registered protocol family 17
[    4.927160] Key type dns_resolver registered
[    4.935907] registered taskstats version 1
[    4.935927] Loading compiled-in X.509 certificates
[    4.942099] Loaded X.509 cert 'Build time autogenerated kernel key: cf00e047681d67edb2720680708b7d9498083038'
[    4.942414] zswap: loaded using pool lzo/zbud
[    4.967618] Key type trusted registered
[    5.007501] Key type encrypted registered
[    5.007512] AppArmor: AppArmor sha1 policy hashing enabled
[    5.007516] ima: No TPM chip found, activating TPM-bypass!
[    5.007528] ima: Allocated hash algorithm: sha1
[    5.007844] evm: HMAC attrs: 0x1
[    5.013850]   Magic number: 3:450:135
[    5.024992] rtc_cmos rtc_cmos: setting system clock to 2023-08-09 16:07:09 UTC (1691597229)
[    5.027714] BIOS EDD facility v0.16 2004-Jun-25, 0 devices found
[    5.027715] EDD information not available.
[    5.384724] Freeing unused kernel memory: 1492K
[    5.420733] Write protecting the kernel read-only data: 14336k
[    5.458793] Freeing unused kernel memory: 1584K
[    5.489580] Freeing unused kernel memory: 52K
Loading, please wait...
starting version[    5.605863] random: systemd-udevd: uninitialized urandom read (16 bytes read, 10 bits of entropy available)
 229
[    5.608679] random: udevadm: uninitialized urandom read (16 bytes read, 10 bits of entropy available)
[    5.608720] random: udevadm: uninitialized urandom read (16 bytes read, 10 bits of entropy available)
[    5.637420] random: udevadm: uninitialized urandom read (16 bytes read, 10 bits of entropy available)
[    5.637500] random: udevadm: uninitialized urandom read (16 bytes read, 10 bits of entropy available)
[    5.638276] random: udevadm: uninitialized urandom read (16 bytes read, 10 bits of entropy available)
[    5.638371] random: udevadm: uninitialized urandom read (16 bytes read, 10 bits of entropy available)
[    5.638459] random: udevadm: uninitialized urandom read (16 bytes read, 10 bits of entropy available)
[    5.638642] random: udevadm: uninitialized urandom read (16 bytes read, 10 bits of entropy available)
[    5.638736] random: udevadm: uninitialized urandom read (16 bytes read, 10 bits of entropy available)
[    6.189492] Fusion MPT base driver 3.04.20
[    6.229018] Copyright (c) 1999-2008 LSI Corporation
[    6.262237] e1000: Intel(R) PRO/1000 Network Driver - version 7.3.21-k8-NAPI
[    6.303442] e1000: Copyright (c) 1999-2006 Intel Corporation.
[    6.528617] SSE version of gcm_enc/dec engaged.
[    6.583433] Fusion MPT SPI Host driver 3.04.20
[    6.911994] input: ImExPS/2 Generic Explorer Mouse as /devices/platform/i8042/serio1/input/input4
[    8.195970] e1000 0000:00:03.0 eth0: (PCI:33MHz:32-bit) 02:be:82:6b:cc:1d
[    8.238548] e1000 0000:00:03.0 eth0: Intel(R) PRO/1000 Network Connection
[    9.694598] e1000 0000:00:08.0 eth1: (PCI:33MHz:32-bit) 08:00:27:b7:9b:b3
[    9.746504] e1000 0000:00:08.0 eth1: Intel(R) PRO/1000 Network Connection
[    9.788757] e1000 0000:00:03.0 enp0s3: renamed from eth0
[    9.810141] mptbase: ioc0: Initiating bringup
[    9.905729] e1000 0000:00:08.0 enp0s8: renamed from eth1
[    9.933188] ioc0: LSI53C1030 A0: Capabilities={Initiator}
[   10.252817] scsi host2: ioc0: LSI53C1030 A0, FwRev=00000000h, Ports=1, MaxQ=256, IRQ=20
[   10.752032] scsi 2:0:0:0: Direct-Access     VBOX     HARDDISK         1.0  PQ: 0 ANSI: 5
[   10.766956] scsi target2:0:0: Beginning Domain Validation
[   10.798489] scsi target2:0:0: Domain Validation skipping write tests
[   10.810225] scsi target2:0:0: Ending Domain Validation
[   10.823041] scsi target2:0:0: asynchronous
[   10.840450] scsi 2:0:1:0: Direct-Access     VBOX     HARDDISK         1.0  PQ: 0 ANSI: 5
[   10.857250] scsi target2:0:1: Beginning Domain Validation
[   10.882330] scsi target2:0:1: Domain Validation skipping write tests
[   10.895811] scsi target2:0:1: Ending Domain Validation
[   10.909053] scsi target2:0:1: asynchronous
[   10.985427] sd 2:0:0:0: Attached scsi generic sg0 type 0
[   10.998954] sd 2:0:0:0: [sda] 83886080 512-byte logical blocks: (42.9 GB/40.0 GiB)
[   11.000643] sd 2:0:1:0: Attached scsi generic sg1 type 0
[   11.002458] sd 2:0:1:0: [sdb] 20480 512-byte logical blocks: (10.5 MB/10.0 MiB)
[   11.005411] sd 2:0:1:0: [sdb] Write Protect is off
[   11.006972] sd 2:0:1:0: [sdb] Incomplete mode parameter data
[   11.006975] sd 2:0:1:0: [sdb] Assuming drive cache: write through
[   11.028457] sd 2:0:1:0: [sdb] Attached SCSI disk
[   11.113448] sd 2:0:0:0: [sda] Write Protect is off
[   11.122782] sd 2:0:0:0: [sda] Incomplete mode parameter data
[   11.131212] sd 2:0:0:0: [sda] Assuming drive cache: write through
[   11.155305]  sda: sda1
[   11.170146] sd 2:0:0:0: [sda] Attached SCSI disk
Begin: Loading essential drivers ... [   13.586674] md: linear personality registered for level -1
[   13.618486] md: multipath personality registered for level -4
[   13.640254] md: raid0 personality registered for level 0
[   13.692566] md: raid1 personality registered for level 1
[   13.792373] raid6: sse2x1   gen()  7518 MB/s
[   13.864081] raid6: sse2x1   xor()  4037 MB/s
[   13.941390] raid6: sse2x2   gen()  8439 MB/s
[   14.020378] raid6: sse2x2   xor()  4267 MB/s
[   14.092839] raid6: sse2x4   gen()  8333 MB/s
[   14.168514] raid6: sse2x4   xor()  4782 MB/s
[   14.177010] raid6: using algorithm sse2x2 gen() 8439 MB/s
[   14.189405] raid6: .... xor() 4267 MB/s, rmw enabled
[   14.197704] raid6: using ssse3x2 recovery algorithm
[   14.213813] xor: measuring software checksum speed
[   14.276305]    prefetch64-sse: 12363.000 MB/sec
[   14.328457]    generic_sse:  8777.000 MB/sec
[   14.338027] xor: using function: prefetch64-sse (12363.000 MB/sec)
[   14.375700] async_tx: api initialized (async)
[   14.588840] md: raid6 personality registered for level 6
[   14.601755] md: raid5 personality registered for level 5
[   14.614438] md: raid4 personality registered for level 4
[   14.705775] md: raid10 personality registered for level 10
done.
Begin: Running /scripts/init-premount ... done.
Begin: Mounting root file system ... Begin: Running /scripts/local-top ... done.
Begin: Running /scripts/local-premount ... [   14.927176] Btrfs loaded
Scanning for Btrfs filesystems
done.
Warning: fsck not present, so skipping root file system
[   15.027467] EXT4-fs (sda1): mounted filesystem with ordered data mode. Opts: (null)
done.
Begin: Running /scripts/local-bottom ... done.
Begin: Running /scripts/init-bottom ... done.
[   15.604953] systemd[1]: systemd 229 running in system mode. (+PAM +AUDIT +SELINUX +IMA +APPARMOR +SMACK +SYSVINIT +UTMP +LIBCRYPTSETUP +GCRYPT +GNUTLS +ACL +XZ -LZ4 +SECCOMP +BLKID +ELFUTILS +KMOD -IDN)
[   15.639132] systemd[1]: Detected virtualization oracle.
[   15.649365] systemd[1]: Detected architecture x86-64.

Welcome to [1mUbuntu 16.04.7 LTS[0m!

[   15.689559] systemd[1]: Set hostname to <ubuntu-xenial>.
[   15.862249] random: nonblocking pool is initialized
[   16.222729] systemd[1]: [/etc/systemd/system/snap-snapd-19457.mount:12] Unknown lvalue 'LazyUnmount' in section 'Mount'
[   16.242894] systemd[1]: [/etc/systemd/system/snap-pycharm\x2dcommunity-342.mount:12] Unknown lvalue 'LazyUnmount' in section 'Mount'
[   16.267584] systemd[1]: [/etc/systemd/system/snap-core18-2785.mount:12] Unknown lvalue 'LazyUnmount' in section 'Mount'
[   16.403843] systemd[1]: Listening on /dev/initctl Compatibility Named Pipe.
[[0;32m  OK  [0m] Listening on /dev/initctl Compatibility Named Pipe.
[   16.423825] systemd[1]: Listening on Device-mapper event daemon FIFOs.
[[0;32m  OK  [0m] Listening on Device-mapper event daemon FIFOs.
[   16.443040] systemd[1]: Listening on fsck to fsckd communication Socket.
[[0;32m  OK  [0m] Listening on fsck to fsckd communication Socket.
[   16.460825] systemd[1]: Started Forward Password Requests to Wall Directory Watch.
[[0;32m  OK  [0m] Started Forward Password Requests to Wall Directory Watch.
[   16.486323] systemd[1]: Listening on LVM2 poll daemon socket.
[[0;32m  OK  [0m] Listening on LVM2 poll daemon socket.
[   16.497134] systemd[1]: Listening on LVM2 metadata daemon socket.
[[0;32m  OK  [0m] Listening on LVM2 metadata daemon socket.
[   16.514703] systemd[1]: Listening on Journal Socket.
[[0;32m  OK  [0m] Listening on Journal Socket.
[   16.529131] systemd[1]: Listening on Syslog Socket.
[[0;32m  OK  [0m] Listening on Syslog Socket.
[   16.559156] systemd[1]: Created slice System Slice.
[[0;32m  OK  [0m] Created slice System Slice.
[   16.611884] systemd[1]: Starting Monitoring of LVM2 mirrors, snapshots etc. using dmeventd or progress polling...
         Starting Monitoring of LVM2 mirrors... dmeventd or progress polling...
[   16.666177] systemd[1]: Mounting Huge Pages File System...
         Mounting Huge Pages File System...
[   16.720918] systemd[1]: Created slice system-serial\x2dgetty.slice.
[[0;32m  OK  [0m] Created slice system-serial\x2dgetty.slice.
[   16.770423] systemd[1]: Starting Load Kernel Modules...
         Starting Load Kernel Modules...
[   16.869873] systemd[1]: Reached target Swap.
[[0;32m  OK  [0m] Reached target Swap.
[   16.895290] systemd[1]: Mounting Debug File System...
         Mounting Debug File System...
[   16.914687] systemd[1]: Reached target System Time Synchronized.
[   16.916726] Loading iSCSI transport class v2.0-870.
[[0;32m  OK  [0m] Reached target System Time Synchronized.
[   16.955854] systemd[1]: Listening on Journal Audit Socket.
[[0;32m  OK  [0m] Listening on Journal Audit Socket.
[   17.017448] systemd[1]: Reached target Encrypted Volumes.
[[0;32m  OK  [0m] Reached target Encrypted Volumes.
[   17.036916] systemd[1]: Starting Create list of required static device nodes for the current kernel...
         Starting Create list of required st... nodes for the current kernel...
[   17.060806] iscsi: registered transport (tcp)
[   17.062424] systemd[1]: Starting File System Check on Root Device...
         Starting File System Check on Root Device...
[   17.083385] systemd[1]: Listening on udev Kernel Socket.
[[0;32m  OK  [0m] Listening on udev Kernel Socket.
[   17.116320] systemd[1]: Created slice User and Session Slice.
[[0;32m  OK  [0m] Created slice User and Session Slice.
[   17.176364] systemd[1]: Reached target Slices.
[[0;32m  OK  [0m] Reached target Slices.
[   17.308464] systemd[1]: Listening on Journal Socket (/dev/log).
[[0;32m  OK  [0m] Listening on Journal Socket (/dev/log).
[   17.417768] systemd[1]: Starting Journal Service...
         Starting Journal Service...
[   17.511212] iscsi: registered transport (iser)
[   17.517232] systemd[1]: Starting Set console keymap...
         Starting Set console keymap...
[   17.543337] systemd[1]: Set up automount Arbitrary Executable File Formats File System Automount Point.
[[0;32m  OK  [0m] Set up automount Arbitrary Executab...ats File System Automount Point.
[   17.577335] systemd[1]: Started Trigger resolvconf update for networkd DNS.
[[0;32m  OK  [0m] Started Trigger resolvconf update for networkd DNS.
[   17.612661] systemd[1]: Starting Uncomplicated firewall...
         Starting Uncomplicated firewall...
[   17.641166] systemd[1]: Listening on udev Control Socket.
[[0;32m  OK  [0m] Listening on udev Control Socket.
[   17.673212] systemd[1]: Reached target User and Group Name Lookups.
[[0;32m  OK  [0m] Reached target User and Group Name Lookups.
[   17.705296] systemd[1]: Starting Nameserver information manager...
         Starting Nameserver information manager...
[   17.735853] systemd[1]: Mounting POSIX Message Queue File System...
         Mounting POSIX Message Queue File System...
[   17.758348] systemd[1]: Mounted Huge Pages File System.
[[0;32m  OK  [0m] Mounted Huge Pages File System.
[   17.775307] systemd[1]: Mounted POSIX Message Queue File System.
[[0;32m  OK  [0m] Mounted POSIX Message Queue File System.
[   17.793524] systemd[1]: Mounted Debug File System.
[[0;32m  OK  [0m] Mounted Debug File System.
[   17.813633] systemd[1]: Started Journal Service.
[[0;32m  OK  [0m] Started Journal Service.
[[0;32m  OK  [0m] Started Load Kernel Modules.
[[0;32m  OK  [0m] Started Create list of required sta...ce nodes for the current kernel.
[[0;32m  OK  [0m] Started File System Check on Root Device.
[[0;32m  OK  [0m] Started Set console keymap.
[[0;32m  OK  [0m] Started Uncomplicated firewall.
[[0;32m  OK  [0m] Started Nameserver information manager.
[[0;32m  OK  [0m] Started File System Check Daemon to report status.
[[0;32m  OK  [0m] Started LVM2 metadata daemon.
         Starting Remount[   18.033449] EXT4-fs (sda1): re-mounted. Opts: (null)
 Root and Kernel File Systems...
         Starting Create Static Device Nodes in /dev...
         Mounting FUSE Control File System...
         Starting Apply Kernel Variables...
[[0;32m  OK  [0m] Mounted FUSE Control File System.
[[0;32m  OK  [0m] Started Remount Root and Kernel File Systems.
[[0;32m  OK  [0m] Started Create Static Device Nodes in /dev.
[[0;32m  OK  [0m] Started Apply Kernel Variables.
         Starting udev Kernel Device Manager...
         Starting Flush Journal to Persistent Storage...
         Starting Load/Save Random Seed...
         Starting udev Coldplug all Devices...
[[0;32m  OK  [0m] Started Load/Save Random Seed.
[[0;32m  OK  [0m] Started Flush Journal to Persistent Storage.
[[0;32m  OK  [0m] Started Monitoring of LVM2 mirrors,...ng dmeventd or progress polling.
[[0;32m  OK  [0m] Started udev Kernel Device Manager.
[[0;32m  OK  [0m] Reached target Local File Systems (Pre).
         Mounting Mount unit for pycharm-community, revision 342...
         Mounting Mount unit for core18, revision 2785...
         Mounting Mount unit for snapd, revision 19457...
[[0;32m  OK  [0m] Started udev Coldplug all Devices.
[[0;32m  OK  [0m] Started Dispatch Password Requests to Console Directory Watch.
[[0;32m  OK  [0m] Mounted Mount unit for core18, revision 2785.
[[0;32m  OK  [0m] Mounted Mount unit for pycharm-community, revision 342.
[[0;32m  OK  [0m] Mounted Mount unit for snapd, revision 19457.
[[0;32m  OK  [0m] Reached target Local File Systems.
         Starting Create Volatile Files and Directories...
         Starting Set console font and keymap...
         Starting LSB: AppArmor initialization...
         Starting Tell Plymouth To Write Out Runtime Data...
         Starting Initial cloud-init job (pre-networking)...
[[0;32m  OK  [0m] Found device /dev/ttyS0.
[[0;32m  OK  [0m] Started Tell Plymouth To Write Out Runtime Data.
[[0;32m  OK  [0m] Started Create Volatile Files and Directories.
         Starting Update UTMP about System Boot/Shutdown...
[[0;32m  OK  [0m] Started Update UTMP about System Boot/Shutdown.
[[0;32m  OK  [0m] Listening on Load/Save RF Kill Switch Status /dev/rfkill Watch.
[[0;1;31mFAILED[0m] Failed to start LSB: AppArmor initialization.
See 'systemctl status apparmor.service' for details.
[[0;1;31mFAILED[0m] Failed to start Initial cloud-init job (pre-networking).
[   24.942456] cloud-init[535]: Traceback (most recent call last):
[   27.103195] cloud-init[535]:   File "/usr/bin/cloud-init", line 5, in <module>
[   27.107223] cloud-init[535]:     from pkg_resources import load_entry_point
[   27.107321] cloud-init[535]:   File "/usr/local/lib/python3.9/site-packages/pkg_resources/__init__.py", line 3243, in <module>
[   27.107412] cloud-init[535]:     def _initialize_master_working_set():
[   27.110414] cloud-init[535]:   File "/usr/local/lib/python3.9/site-packages/pkg_resources/__init__.py", line 3226, in _call_aside
[   27.110520] cloud-init[535]:     f(*args, **kwargs)
[   27.110706] cloud-init[535]:   File "/usr/local/lib/python3.9/site-packages/pkg_resources/__init__.py", line 3255, in _initialize_master_working_set
[   27.110828] cloud-init[535]:     working_set = WorkingSet._build_master()
[   27.110916] cloud-init[535]:   File "/usr/local/lib/python3.9/site-packages/pkg_resources/__init__.py", line 568, in _build_master
[   27.111002] cloud-init[535]:     ws.require(__requires__)
[   27.120672] cloud-init[535]:   File "/usr/local/lib/python3.9/site-packages/pkg_resources/__init__.py", line 886, in require
See 'systemctl status cloud-init-local.service' for details.
[   27.121764] cloud-init[535]:     needed = self.resolve(parse_requirements(requirements))
[[0;32m  OK  [0m] Reached target Network (Pre).
[   27.617374] cloud-init[535]:   File "/usr/local/lib/python3.9/site-packages/pkg_resources/__init__.py", line 772, in resolve
[   27.824301] cloud-init[535]:     raise DistributionNotFound(req, requirers)
[   28.219626] cloud-init[535]: pkg_resources.DistributionNotFound: The 'cloud-init==21.1' distribution was not found and is required by the application
         Starting Raise network interfaces...
[[0;32m  OK  [0m] Started ifup for enp0s3.
[[0;32m  OK  [0m] Started ifup for enp0s8.
[[0;32m  OK  [0m] Found device 82540EM Gigabit Ethern...r (PRO/1000 MT Desktop Adapter).
[[0;32m  OK  [0m] Found device 82540EM Gigabit Ethern...r (PRO/1000 MT Desktop Adapter).
[[0;32m  OK  [0m] Started Set console font and keymap.
[[0;32m  OK  [0m] Created slice system-getty.slice.
[[0;32m  OK  [0m] Started Raise network interfaces.
[[0;32m  OK  [0m] Reached target Network.
         Starting Initial cloud-init job (metadata service crawler)...
[   32.154858] cloud-init[1144]: Traceback (most recent call last):
[   32.174973] cloud-init[1144]:   File "/usr/bin/cloud-init", line 5, in <module>
[   32.193765] cloud-init[1144]:     from pkg_resources import load_entry_point
[   32.218411] cloud-init[1144]:   File "/usr/local/lib/python3.9/site-packages/pkg_resources/__init__.py", line 3243, in <module>
[   32.237220] cloud-init[1144]:     def _initialize_master_working_set():
[   32.245500] cloud-init[1144]:   File "/usr/local/lib/python3.9/site-packages/pkg_resources/__init__.py", line 3226, in _call_aside
[   32.245643] cloud-init[1144]:     f(*args, **kwargs)
[   32.247125] cloud-init[1144]:   File "/usr/local/lib/python3.9/site-packages/pkg_resources/__init__.py", line 3255, in _initialize_master_working_set
[   32.249950] cloud-init[1144]:     working_set = WorkingSet._build_master()
[   32.251356] cloud-init[1144]:   File "/usr/local/lib/python3.9/site-packages/pkg_resources/__init__.py", line 568, in _build_master
[   32.254279] cloud-init[1144]:     ws.require(__requires__)
[   32.255704] cloud-init[1144]:   File "/usr/local/lib/python3.9/site-packages/pkg_resources/__init__.py", line 886, in require
[   32.258734] cloud-init[1144]:     needed = self.resolve(parse_requirements(requirements))
[   32.260004] cloud-init[1144]:   File "/usr/local/lib/python3.9/site-packages/pkg_resources/__init__.py", line 772, in resolve
[   32.263378] cloud-init[1144]:     raise DistributionNotFound(req, requirers)
[   32.266279] cloud-init[1144]: pkg_resources.DistributionNotFound: The 'cloud-init==21.1' distribution was not found and is required by the application
[[0;1;31mFAILED[0m] Failed to start Initial cloud-init job (metadata service crawler).
See 'systemctl status cloud-init.service' for details.
[[0;32m  OK  [0m] Reached target System Initialization.
[[0;32m  OK  [0m] Listening on UUID daemon activation socket.
[[0;32m  OK  [0m] Listening on ACPID Listen Socket.
[[0;32m  OK  [0m] Started Message of the Day.
         Starting LXD - unix socket.
[[0;32m  OK  [0m] Listening on D-Bus System Message Bus Socket.
[[0;32m  OK  [0m] Started ACPI Events Check.
[[0;32m  OK  [0m] Reached target Paths.
[[0;32m  OK  [0m] Started Ubuntu Advantage update messaging.
[[0;32m  OK  [0m] Started Daily Cleanup of Temporary Directories.
[[0;32m  OK  [0m] Started Daily apt download activities.
[[0;32m  OK  [0m] Started Daily apt upgrade and clean activities.
[[0;32m  OK  [0m] Reached target Timers.
[[0;32m  OK  [0m] Reached target Cloud-config availability.
[[0;32m  OK  [0m] Reached target Network is Online.
         Starting iSCSI initiator daemon (iscsid)...
[[0;32m  OK  [0m] Listening on LXD - unix socket.
[[0;32m  OK  [0m] Reached target Sockets.
[[0;32m  OK  [0m] Reached target Basic System.
[[0;32m  OK  [0m] Started Deferred execution scheduler.
[[0;32m  OK  [0m] Started FUSE filesystem for LXC.
         Starting Login Service...
         Starting LSB: Record successful boot for GRUB...
[[0;32m  OK  [0m] Started ACPI event daemon.
[[0;32m  OK  [0m] Started Regular background program processing daemon.
         Starting Virtualbox guest utils...
         Starting /etc/rc.local Compatibility...
[[0;32m  OK  [0m] Started D-Bus System Message Bus.
         Starting Accounts Service...
         Starting OpenBSD Secure Shell server...
         Starting Apply the settings specified in cloud-config...
         Starting LSB: MD monitoring daemon...
         Starting System Logging Service...
         Starting LXD - container startup/shutdown...
[[0;32m  OK  [0m] Started iSCSI initiator daemon (iscsid).
[[0;32m  OK  [0m] Started /etc/rc.local Compatibility.
[[0;32m  OK  [0m] Started System Logging Service.
[   35.082300] cloud-init[1194]: Traceback (most recent call last):
[   35.118609] cloud-init[1194]:   File "/usr/bin/cloud-init", line 5, in <module>
[   35.190202] cloud-init[1194]:     from pkg_resources import load_entry_point
[   35.285460] cloud-init[1194]:   File "/usr/local/lib/python3.9/site-packages/pkg_resources/__init__.py", line 3243, in <module>
[   35.306750] cloud-init[1194]:     def _initialize_master_working_set():
[   35.342486] cloud-init[1194]:   File "/usr/local/lib/python3.9/site-packages/pkg_resources/__init__.py", line 3226, in _call_aside
[   35.347141] cloud-init[1194]:     f(*args, **kwargs)
[   35.349163] cloud-init[1194]:   File "/usr/local/lib/python3.9/site-packages/pkg_resources/__init__.py", line 3255, in _initialize_master_working_set
[   35.349512] cloud-init[1194]:     working_set = WorkingSet._build_master()
[   35.349816] cloud-init[1194]:   File "/usr/local/lib/python3.9/site-packages/pkg_resources/__init__.py", line 568, in _build_master
[   35.350073] cloud-init[1194]:     ws.require(__requires__)
[   35.351623] cloud-init[1194]:   File "/usr/local/lib/python3.9/site-packages/pkg_resources/__init__.py", line 886, in require
[   35.355030] cloud-init[1194]:     needed = self.resolve(parse_requirements(requirements))
[   35.356841] cloud-init[1194]:   File "/usr/local/lib/python3.9/site-packages/pkg_resources/__init__.py", line 772, in resolve
[   35.357802] cloud-init[1194]:     raise DistributionNotFound(req, requirers)
[   35.358020] cloud-init[1194]: pkg_resources.DistributionNotFound: The 'cloud-init==21.1' distribution was not found and is required by the application
[[0;1;31mFAILED[0m] Failed to start Apply the settings specified in cloud-config.
See 'systemctl status cloud-config.service' for details.
[[0;32m  OK  [0m] Started OpenBSD Secure Shell server.
[[0;32m  OK  [0m] Started LXD - container startup/shutdown.
         Starting Authenticate and Authorize Users to Run Privileged Tasks...
         Starting Login to default iSCSI targets...
[[0;32m  OK  [0m] Started LSB: Record successful boot for GRUB.
[[0;32m  OK  [0m] Started LSB: MD monitoring daemon.
[[0;32m  OK  [0m] Started Login Service.
[[0;32m  OK  [0m] Started Unattended Upgrades Shutdown.
[[0;32m  OK  [0m] Started Authenticate and Authorize Users to Run Privileged Tasks.
[[0;32m  OK  [0m] Started Accounts Service.
[[0;32m  OK  [0m] Started Virtualbox guest utils.
[[0;32m  OK  [0m] Started Login to default iSCSI targets.
[[0;32m  OK  [0m] Reached target Remote File Systems (Pre).
         Mounting /vagrant...
[[0;32m  OK  [0m] Mounted /vagrant.
[[0;32m  OK  [0m] Reached target Remote File Systems.
         Starting LSB: Set the CPU Frequency Scaling governor to "ondemand"...
         Starting Permit User Sessions...
         Starting LSB: daemon to balance interrupts for SMP systems...
         Starting LSB: automatic crash report generation...
[[0;32m  OK  [0m] Started Permit User Sessions.
         Starting Hold until boot process finishes up...
         Starting Terminate Plymouth Boot Screen...
[[0;32m  OK  [0m] Started Hold until boot process finishes up.
[[0;32m  OK  [0m] Started Terminate Plymouth Boot Screen.
[[0;32m  OK  [0m] Started Serial Getty on ttyS0.
         Starting Set console scheme...
[[0;32m  OK  [0m] Started Getty on tty1.
[[0;32m  OK  [0m] Reached target Login Prompts.
[[0;32m  OK  [0m] Started LSB: Set the CPU Frequency Scaling governor to "ondemand".
[[0;32m  OK  [0m] Started LSB: daemon to balance interrupts for SMP systems.
[[0;32m  OK  [0m] Started LSB: automatic crash report generation.
[[0;32m  OK  [0m] Started Set console scheme.
[[0;32m  OK  [0m] Created slice User Slice of vagrant.
         Starting User Manager for UID 1000...
[[0;32m  OK  [0m] Reached target Multi-User System.
[[0;32m  OK  [0m] Reached target Graphical Interface.
         Starting Update UTMP about System Runlevel Changes...
         Starting Execute cloud user/final scripts...
[[0;32m  OK  [0m] Started User Manager for UID 1000.
[[0;32m  OK  [0m] Started Update UTMP about System Runlevel Changes.
[[0;32m  OK  [0m] Started Session 1 of user vagrant.
[   38.299275] cloud-init[1339]: Traceback (most recent call last):
[   38.307369] cloud-init[1339]:   File "/usr/bin/cloud-init", line 5, in <module>
[   38.315030] cloud-init[1339]:     from pkg_resources import load_entry_point
[[0;1;31mFAILED[0m] Failed to start Execute cloud user/final scripts.
See 'systemctl status cloud-final.service' for details.
[   38.327070] cloud-init[1339]:   File "/usr/local/lib/python3.9/site-packages/pkg_resources/__init__.py", line 3243, in <module>
[   38.339035] cloud-init[1339]:     def _initialize_master_working_set():
[   38.339312] cloud-init[1339]:   File "/usr/local/lib/python3.9/site-packages/pkg_resources/__init__.py", line 3226, in _call_aside
[   38.339947] cloud-init[1339]:     f(*args, **kwargs)
[   38.341895] cloud-init[1339]:   File "/usr/local/lib/python3.9/site-packages/pkg_resources/__init__.py", line 3255, in _initialize_master_working_set
[   38.342645] cloud-init[1339]:     working_set = WorkingSet._build_master()
[   38.342904] cloud-init[1339]:   File "/usr/local/lib/python3.9/site-packages/pkg_resources/__init__.py", line 568, in _build_master
[   38.343469] cloud-init[1339]:     ws.require(__requires__)
[   38.343743] cloud-init[1339]:   File "/usr/local/lib/python3.9/site-packages/pkg_resources/__init__.py", line 886, in require
[   38.343944] cloud-init[1339]:     needed = self.resolve(parse_requirements(requirements))
[   38.345057] cloud-init[1339]:   File "/usr/local/lib/python3.9/site-packages/pkg_resources/__init__.py", line 772, in resolve
[   38.345278] cloud-init[1339]:     raise DistributionNotFound(req, requirers)
[   38.345729] cloud-init[1339]: pkg_resources.DistributionNotFound: The 'cloud-init==21.1' distribution was not found and is required by the application
[[0;32m  OK  [0m] Reached target Cloud-init target.

Ubuntu 16.04.7 LTS ubuntu-xenial ttyS0

ubuntu-xenial login: 